<?xml version="1.0" encoding="UTF-8" ?>
<testsuite failures="0" time="0" errors="0" skipped="0" tests="1" name="org.ontoware.rdf2go.impl.jena27.TestSetup">
  <properties>
    <property name="java.runtime.name" value="Java(TM) SE Runtime Environment"/>
    <property name="sun.boot.library.path" value="/System/Library/Java/JavaVirtualMachines/1.6.0.jdk/Contents/Libraries"/>
    <property name="java.vm.version" value="20.4-b02-402"/>
    <property name="awt.nativeDoubleBuffering" value="true"/>
    <property name="gopherProxySet" value="false"/>
    <property name="mrj.build" value="11D50b"/>
    <property name="java.vm.vendor" value="Apple Inc."/>
    <property name="java.vendor.url" value="http://www.apple.com/"/>
    <property name="path.separator" value=":"/>
    <property name="java.vm.name" value="Java HotSpot(TM) 64-Bit Server VM"/>
    <property name="file.encoding.pkg" value="sun.io"/>
    <property name="user.country" value="US"/>
    <property name="sun.java.launcher" value="SUN_STANDARD"/>
    <property name="sun.os.patch.level" value="unknown"/>
    <property name="java.vm.specification.name" value="Java Virtual Machine Specification"/>
    <property name="user.dir" value="/Users/xamde/_data_/_p_/2012/org.semweb4j.rdf2go.impl.jena27"/>
    <property name="java.runtime.version" value="1.6.0_29-b11-402-11D50b"/>
    <property name="java.awt.graphicsenv" value="apple.awt.CGraphicsEnvironment"/>
    <property name="basedir" value="/Users/xamde/_data_/_p_/2012/org.semweb4j.rdf2go.impl.jena27"/>
    <property name="java.endorsed.dirs" value="/System/Library/Java/JavaVirtualMachines/1.6.0.jdk/Contents/Home/lib/endorsed"/>
    <property name="os.arch" value="x86_64"/>
    <property name="surefire.real.class.path" value="/Users/xamde/_data_/_p_/2012/org.semweb4j.rdf2go.impl.jena27/target/surefire/surefirebooter5720003907178976477.jar"/>
    <property name="java.io.tmpdir" value="/var/folders/wc/sb7_2cws71bd4cl2vy8yss5m0000gn/T/"/>
    <property name="line.separator" value="
"/>
    <property name="java.vm.specification.vendor" value="Sun Microsystems Inc."/>
    <property name="os.name" value="Mac OS X"/>
    <property name="sun.jnu.encoding" value="MacRoman"/>
    <property name="java.library.path" value=".:/Library/Java/Extensions:/System/Library/Java/Extensions:/usr/lib/java"/>
    <property name="surefire.test.class.path" value="/Users/xamde/_data_/_p_/2012/org.semweb4j.rdf2go.impl.jena27/target/test-classes:/Users/xamde/_data_/_p_/2012/org.semweb4j.rdf2go.impl.jena27/target/classes:/Users/xamde/.m2/repository/org/semweb4j/rdf2go.api/4.8.0/rdf2go.api-4.8.0.jar:/Users/xamde/.m2/repository/org/semweb4j/rdf2go.api/4.8.0/rdf2go.api-4.8.0-tests.jar:/Users/xamde/.m2/repository/org/semweb4j/rdf2go.impl.test/4.8.0/rdf2go.impl.test-4.8.0.jar:/Users/xamde/.m2/repository/org/eclipse/osgi/3.2.1.R32/osgi-3.2.1.R32.jar:/Users/xamde/.m2/repository/org/apache/jena/jena-arq/2.9.0-incubating/jena-arq-2.9.0-incubating.jar:/Users/xamde/.m2/repository/org/apache/jena/jena-core/2.7.0-incubating/jena-core-2.7.0-incubating.jar:/Users/xamde/.m2/repository/org/apache/jena/jena-iri/0.9.0-incubating/jena-iri-0.9.0-incubating.jar:/Users/xamde/.m2/repository/commons-codec/commons-codec/1.5/commons-codec-1.5.jar:/Users/xamde/.m2/repository/org/apache/httpcomponents/httpclient/4.1.2/httpclient-4.1.2.jar:/Users/xamde/.m2/repository/org/apache/httpcomponents/httpcore/4.1.3/httpcore-4.1.3.jar:/Users/xamde/.m2/repository/com/ibm/icu/icu4j/3.4.4/icu4j-3.4.4.jar:/Users/xamde/.m2/repository/xerces/xercesImpl/2.7.1/xercesImpl-2.7.1.jar:/Users/xamde/.m2/repository/org/slf4j/slf4j-api/1.5.6/slf4j-api-1.5.6.jar:/Users/xamde/.m2/repository/org/slf4j/slf4j-log4j12/1.5.6/slf4j-log4j12-1.5.6.jar:/Users/xamde/.m2/repository/log4j/log4j/1.2.14/log4j-1.2.14.jar:/Users/xamde/.m2/repository/junit/junit/4.6/junit-4.6.jar:"/>
    <property name="java.specification.name" value="Java Platform API Specification"/>
    <property name="java.class.version" value="50.0"/>
    <property name="sun.management.compiler" value="HotSpot 64-Bit Tiered Compilers"/>
    <property name="os.version" value="10.7.3"/>
    <property name="http.nonProxyHosts" value="local|*.local|169.254/16|*.169.254/16"/>
    <property name="user.home" value="/Users/xamde"/>
    <property name="user.timezone" value="Europe/Berlin"/>
    <property name="java.awt.printerjob" value="apple.awt.CPrinterJob"/>
    <property name="java.specification.version" value="1.6"/>
    <property name="file.encoding" value="MacRoman"/>
    <property name="user.name" value="xamde"/>
    <property name="java.class.path" value="/Users/xamde/_data_/_p_/2012/org.semweb4j.rdf2go.impl.jena27/target/test-classes:/Users/xamde/_data_/_p_/2012/org.semweb4j.rdf2go.impl.jena27/target/classes:/Users/xamde/.m2/repository/org/semweb4j/rdf2go.api/4.8.0/rdf2go.api-4.8.0.jar:/Users/xamde/.m2/repository/org/semweb4j/rdf2go.api/4.8.0/rdf2go.api-4.8.0-tests.jar:/Users/xamde/.m2/repository/org/semweb4j/rdf2go.impl.test/4.8.0/rdf2go.impl.test-4.8.0.jar:/Users/xamde/.m2/repository/org/eclipse/osgi/3.2.1.R32/osgi-3.2.1.R32.jar:/Users/xamde/.m2/repository/org/apache/jena/jena-arq/2.9.0-incubating/jena-arq-2.9.0-incubating.jar:/Users/xamde/.m2/repository/org/apache/jena/jena-core/2.7.0-incubating/jena-core-2.7.0-incubating.jar:/Users/xamde/.m2/repository/org/apache/jena/jena-iri/0.9.0-incubating/jena-iri-0.9.0-incubating.jar:/Users/xamde/.m2/repository/commons-codec/commons-codec/1.5/commons-codec-1.5.jar:/Users/xamde/.m2/repository/org/apache/httpcomponents/httpclient/4.1.2/httpclient-4.1.2.jar:/Users/xamde/.m2/repository/org/apache/httpcomponents/httpcore/4.1.3/httpcore-4.1.3.jar:/Users/xamde/.m2/repository/com/ibm/icu/icu4j/3.4.4/icu4j-3.4.4.jar:/Users/xamde/.m2/repository/xerces/xercesImpl/2.7.1/xercesImpl-2.7.1.jar:/Users/xamde/.m2/repository/org/slf4j/slf4j-api/1.5.6/slf4j-api-1.5.6.jar:/Users/xamde/.m2/repository/org/slf4j/slf4j-log4j12/1.5.6/slf4j-log4j12-1.5.6.jar:/Users/xamde/.m2/repository/log4j/log4j/1.2.14/log4j-1.2.14.jar:/Users/xamde/.m2/repository/junit/junit/4.6/junit-4.6.jar:"/>
    <property name="java.vm.specification.version" value="1.0"/>
    <property name="sun.arch.data.model" value="64"/>
    <property name="java.home" value="/System/Library/Java/JavaVirtualMachines/1.6.0.jdk/Contents/Home"/>
    <property name="sun.java.command" value="/Users/xamde/_data_/_p_/2012/org.semweb4j.rdf2go.impl.jena27/target/surefire/surefirebooter5720003907178976477.jar /Users/xamde/_data_/_p_/2012/org.semweb4j.rdf2go.impl.jena27/target/surefire/surefire6434305732723620090tmp /Users/xamde/_data_/_p_/2012/org.semweb4j.rdf2go.impl.jena27/target/surefire/surefire5137215346276998335tmp"/>
    <property name="java.specification.vendor" value="Sun Microsystems Inc."/>
    <property name="user.language" value="en"/>
    <property name="awt.toolkit" value="apple.awt.CToolkit"/>
    <property name="java.vm.info" value="mixed mode"/>
    <property name="java.version" value="1.6.0_29"/>
    <property name="java.ext.dirs" value="/Library/Java/Extensions:/System/Library/Java/Extensions:/System/Library/Java/JavaVirtualMachines/1.6.0.jdk/Contents/Home/lib/ext"/>
    <property name="sun.boot.class.path" value="/System/Library/Java/JavaVirtualMachines/1.6.0.jdk/Contents/Classes/jsfd.jar:/System/Library/Java/JavaVirtualMachines/1.6.0.jdk/Contents/Classes/classes.jar:/System/Library/Frameworks/JavaVM.framework/Frameworks/JavaRuntimeSupport.framework/Resources/Java/JavaRuntimeSupport.jar:/System/Library/Java/JavaVirtualMachines/1.6.0.jdk/Contents/Classes/ui.jar:/System/Library/Java/JavaVirtualMachines/1.6.0.jdk/Contents/Classes/laf.jar:/System/Library/Java/JavaVirtualMachines/1.6.0.jdk/Contents/Classes/sunrsasign.jar:/System/Library/Java/JavaVirtualMachines/1.6.0.jdk/Contents/Classes/jsse.jar:/System/Library/Java/JavaVirtualMachines/1.6.0.jdk/Contents/Classes/jce.jar:/System/Library/Java/JavaVirtualMachines/1.6.0.jdk/Contents/Classes/charsets.jar"/>
    <property name="java.vendor" value="Apple Inc."/>
    <property name="localRepository" value="/Users/xamde/.m2/repository"/>
    <property name="file.separator" value="/"/>
    <property name="java.vendor.url.bug" value="http://bugreport.apple.com/"/>
    <property name="sun.cpu.endian" value="little"/>
    <property name="sun.io.unicode.encoding" value="UnicodeLittle"/>
    <property name="mrj.version" value="1070.1.6.0_29-402"/>
    <property name="socksNonProxyHosts" value="local|*.local|169.254/16|*.169.254/16"/>
    <property name="ftp.nonProxyHosts" value="local|*.local|169.254/16|*.169.254/16"/>
    <property name="sun.cpu.isalist" value=""/>
  </properties>
  <testcase time="0" classname="org.ontoware.rdf2go.impl.jena27.TestSetup" name="testSetup"/>
</testsuite>